JUST A TAKE TEXT TO TEST THE UPDATE OF DATA IN GITHUB 2

06/09/2018 18:18:50 devPinoyLogger IiIiIiIiIiIiIiIiIi
06/09/2018 18:18:50 devPinoyLogger Entering the Before Method
06/09/2018 18:18:50 devPinoyLogger IiIiIiIiIiIiIiIiIi
06/09/2018 18:19:07 devPinoyLogger IiIiIiIiIiIiIiIiIi
06/09/2018 18:19:07 devPinoyLogger Creating a new home page object
06/09/2018 18:19:07 devPinoyLogger IiIiIiIiIiIiIiIiIi
06/09/2018 18:19:11 devPinoyLogger *^*^*^*^*^*^*^*^*
06/09/2018 18:19:11 devPinoyLogger Test case starts: Click in Search Page
06/09/2018 18:19:11 devPinoyLogger *^*^*^*^*^*^*^*^*
06/09/2018 18:20:40 devPinoyLogger IiIiIiIiIiIiIiIiIi
06/09/2018 18:20:40 devPinoyLogger We are in After Method
06/09/2018 18:20:40 devPinoyLogger IiIiIiIiIiIiIiIiIi
06/09/2018 18:20:43 devPinoyLogger IiIiIiIiIiIiIiIiIi
06/09/2018 18:20:43 devPinoyLogger Entering the Before Method
06/09/2018 18:20:43 devPinoyLogger IiIiIiIiIiIiIiIiIi
06/09/2018 18:21:02 devPinoyLogger IiIiIiIiIiIiIiIiIi
06/09/2018 18:21:02 devPinoyLogger Creating a new home page object
06/09/2018 18:21:02 devPinoyLogger IiIiIiIiIiIiIiIiIi
06/09/2018 18:21:09 devPinoyLogger *^*^*^*^*^*^*^*^*
06/09/2018 18:21:09 devPinoyLogger Test case starts: Click in Search Page
06/09/2018 18:21:09 devPinoyLogger *^*^*^*^*^*^*^*^*
06/09/2018 18:21:26 devPinoyLogger *^*^*^*^*^*^*^*^*
06/09/2018 18:21:26 devPinoyLogger Test case ends: Click in Search Page
06/09/2018 18:21:26 devPinoyLogger *^*^*^*^*^*^*^*^*
06/09/2018 18:21:26 devPinoyLogger IiIiIiIiIiIiIiIiIi
06/09/2018 18:21:26 devPinoyLogger We are in After Method
06/09/2018 18:21:26 devPinoyLogger IiIiIiIiIiIiIiIiIi
06/09/2018 18:21:28 devPinoyLogger IiIiIiIiIiIiIiIiIi
06/09/2018 18:21:28 devPinoyLogger Entering the Before Method
06/09/2018 18:21:28 devPinoyLogger IiIiIiIiIiIiIiIiIi
06/09/2018 18:21:39 devPinoyLogger IiIiIiIiIiIiIiIiIi
06/09/2018 18:21:39 devPinoyLogger Creating a new home page object
06/09/2018 18:21:39 devPinoyLogger IiIiIiIiIiIiIiIiIi
06/09/2018 18:21:39 devPinoyLogger *^*^*^*^*^*^*^*^*
06/09/2018 18:21:39 devPinoyLogger Test case starts: Search Something
06/09/2018 18:21:39 devPinoyLogger *^*^*^*^*^*^*^*^*
06/09/2018 18:21:44 devPinoyLogger *^*^*^*^*^*^*^*^*
06/09/2018 18:21:44 devPinoyLogger Test case ends: Search Something
06/09/2018 18:21:44 devPinoyLogger *^*^*^*^*^*^*^*^*
06/09/2018 18:21:44 devPinoyLogger IiIiIiIiIiIiIiIiIi
06/09/2018 18:21:44 devPinoyLogger We are in After Method
06/09/2018 18:21:44 devPinoyLogger IiIiIiIiIiIiIiIiIi
